config file path : config.ini
[2022-02-05 21:08:21] Initializing...
FISCO-BCOS Version : 2.8.0
Build Time         : 20210830 12:52:15
Build Type         : Linux/clang/Release
Git Branch         : HEAD
Git Commit Hash    : 30fb38ac5692468058abf6aa12869d2ae776c275
[2022-02-05 21:08:21] The FISCO-BCOS is running...
[2022-02-05 21:08:44] FISCO-BCOS program exit normally.
nohup: failed to run command ‘/root/fisco/nodes/127.0.0.1/node1/../fisco-bcos’: Permission denied
nohup: failed to run command ‘/root/fisco/nodes/127.0.0.1/node1/../fisco-bcos’: Permission denied
config file path : config.ini
[2022-02-05 21:18:36] Initializing...
FISCO-BCOS Version : 2.8.0
Build Time         : 20220205 15:11:36
Build Type         : Linux/g++/RelWithDebInfo
Git Branch         : master
Git Commit Hash    : 30fb38ac5692468058abf6aa12869d2ae776c275
[2022-02-05 21:18:36] The FISCO-BCOS is running...
open /root/chainx/file/base_block.stk: no such file or directory
open /root/chainx/file/base_block.pck: no such file or directory
open /root/chainx/file/base_block.dict: no such file or directory
panic: runtime error: invalid memory address or nil pointer dereference
[signal SIGSEGV: segmentation violation code=0x1 addr=0x50 pc=0x7f4cec20f4d9]

goroutine 17 [running, locked to thread]:
chainxx/encdec.EncodePublic(0x1, 0x0, 0x2, 0x200, 0x42)
	/var/local/chainxx/encdec/encode.go:69 +0x39
chainxx/lib.EncPubByteV2(0x1, 0x0, 0x2, 0x200, 0x1, 0x0, 0x0)
	/var/local/chainxx/lib/lib.v2.go:35 +0x4b
main.EncryptPubInt(0x3280b98, 0x1, 0x0)
	/var/local/chainxx/chainxx.go:155 +0xd2
main._cgoexpwrap_e6bda7e8ae7c_EncryptPubInt(0x3280b98, 0x1, 0x0)
	_cgo_gotypes.go:203 +0x6c
config file path : config.ini
[2022-02-06 22:16:58] Initializing...
FISCO-BCOS Version : 2.8.0
Build Time         : 20220205 15:11:36
Build Type         : Linux/g++/RelWithDebInfo
Git Branch         : master
Git Commit Hash    : 30fb38ac5692468058abf6aa12869d2ae776c275
[2022-02-06 22:16:59] The FISCO-BCOS is running...
[VSetFilePath]/root/chainx/file/
[VLoadSK]base_block.stk
[VLoadSK]base_block.pck
[VLoadDictionary]base_block.dict
[VSetFilePath]/root/chainx/file/
[VLoadSK]base_block.stk
[VLoadSK]base_block.pck
[VLoadDictionary]base_block.dict
[VSetFilePath]/root/chainx/file/
[VLoadSK]base_block.stk
[VLoadSK]base_block.pck
[VLoadDictionary]base_block.dict
[VSetFilePath]/root/chainx/file/
[VLoadSK]base_block.stk
[VLoadSK]base_block.pck
[VLoadDictionary]base_block.dict
[2022-02-08 10:28:07] FISCO-BCOS program exit normally.
config file path : config.ini
[2022-02-08 10:28:13] Initializing...
FISCO-BCOS Version : 2.8.0
Build Time         : 20220205 15:11:36
Build Type         : Linux/g++/RelWithDebInfo
Git Branch         : master
Git Commit Hash    : 30fb38ac5692468058abf6aa12869d2ae776c275
[2022-02-08 10:28:14] The FISCO-BCOS is running...
[VSetFilePath]/root/chainx/file/
[VLoadSK]base_block.stk
[VLoadSK]base_block.pck
[VLoadDictionary]base_block.dict
[2022-02-08 12:11:45] FISCO-BCOS program exit normally.
config file path : config.ini
[2022-02-08 12:11:58] Initializing...
FISCO-BCOS Version : 2.8.0
Build Time         : 20220205 15:11:36
Build Type         : Linux/g++/RelWithDebInfo
Git Branch         : master
Git Commit Hash    : 30fb38ac5692468058abf6aa12869d2ae776c275
[2022-02-08 12:11:58] The FISCO-BCOS is running...
[VSetFilePath]/root/chainx/file/
[VLoadSK]base_block.stk
[VLoadSK]base_block.pck
[VLoadDictionary]base_block.dict
[VSetFilePath]/root/chainx/file/
[VLoadSK]base_block.stk
[VLoadSK]base_block.pck
[VLoadDictionary]base_block.dict
[2022-02-08 12:18:20] FISCO-BCOS program exit normally.
config file path : config.ini
[2022-02-08 12:18:26] Initializing...
FISCO-BCOS Version : 2.8.0
Build Time         : 20220205 15:11:36
Build Type         : Linux/g++/RelWithDebInfo
Git Branch         : master
Git Commit Hash    : 30fb38ac5692468058abf6aa12869d2ae776c275
[2022-02-08 12:18:26] The FISCO-BCOS is running...
[VSetFilePath]/root/chainx/file/
[VLoadSK]base_block.stk
[VLoadSK]base_block.pck
[VLoadDictionary]base_block.dict
[2022-02-08 12:23:51] FISCO-BCOS program exit normally.
config file path : config.ini
[2022-02-08 12:23:54] Initializing...
FISCO-BCOS Version : 2.8.0
Build Time         : 20220205 15:11:36
Build Type         : Linux/g++/RelWithDebInfo
Git Branch         : master
Git Commit Hash    : 30fb38ac5692468058abf6aa12869d2ae776c275
[2022-02-08 12:23:54] The FISCO-BCOS is running...
config file path : config.ini
[2022-02-08 14:36:37] Initializing...
FISCO-BCOS Version : 2.8.0
Build Time         : 20220205 15:11:36
Build Type         : Linux/g++/RelWithDebInfo
Git Branch         : master
Git Commit Hash    : 30fb38ac5692468058abf6aa12869d2ae776c275
[2022-02-08 14:36:38] The FISCO-BCOS is running...
[VSetFilePath]/root/chainx/file/
[VLoadSK]base_block.stk
[VLoadSK]base_block.pck
[VLoadDictionary]base_block.dict
[VSetFilePath]/root/chainx/file/
[VLoadSK]base_block.stk
[VLoadSK]base_block.pck
[VLoadDictionary]base_block.dict
[VSetFilePath]/root/chainx/file/
[VLoadSK]base_block.stk
[VLoadSK]base_block.pck
[VLoadDictionary]base_block.dict
[VSetFilePath]/root/chainx/file/
[VLoadSK]base_block.stk
[VLoadSK]base_block.pck
[VLoadDictionary]base_block.dict
[VSetFilePath]/root/chainx/file/
[VLoadSK]base_block.stk
[VLoadSK]base_block.pck
[VLoadDictionary]base_block.dict
[VSetFilePath]/root/chainx/file/
[VLoadSK]base_block.stk
[VLoadSK]base_block.pck
[VLoadDictionary]base_block.dict
[2022-02-08 17:42:30] FISCO-BCOS program exit normally.
config file path : config.ini
[2022-02-08 21:28:00] Initializing...
FISCO-BCOS Version : 2.8.0
Build Time         : 20220205 15:11:36
Build Type         : Linux/g++/RelWithDebInfo
Git Branch         : master
Git Commit Hash    : 30fb38ac5692468058abf6aa12869d2ae776c275
[2022-02-08 21:28:00] The FISCO-BCOS is running...
[VSetFilePath]/root/chainx/file/
[VLoadSK]base_block.stk
[VLoadSK]base_block.pck
[VLoadDictionary]base_block.dict
[2022-02-08 21:37:57] FISCO-BCOS program exit normally.
config file path : config.ini
[2022-02-08 21:38:06] Initializing...
FISCO-BCOS Version : 2.8.0
Build Time         : 20220205 15:11:36
Build Type         : Linux/g++/RelWithDebInfo
Git Branch         : master
Git Commit Hash    : 30fb38ac5692468058abf6aa12869d2ae776c275
[2022-02-08 21:38:07] The FISCO-BCOS is running...
[VSetFilePath]/root/chainx/file/
[VLoadSK]base_block.stk
[VLoadSK]base_block.pck
[VLoadDictionary]base_block.dict
[VSetFilePath]/root/chainx/file/
[VLoadSK]base_block.stk
[VLoadSK]base_block.pck
[VLoadDictionary]base_block.dict
[VSetFilePath]/root/chainx/file/
[VLoadSK]base_block.stk
[VLoadSK]base_block.pck
[VLoadDictionary]base_block.dict
[VSetFilePath]/root/chainx/file/
[VLoadSK]base_block.pck
[VLoadDictionary]base_block.dict
[2022-02-09 11:33:22] FISCO-BCOS program exit normally.
config file path : config.ini
[2022-02-09 11:33:27] Initializing...
FISCO-BCOS Version : 2.8.0
Build Time         : 20220205 15:11:36
Build Type         : Linux/g++/RelWithDebInfo
Git Branch         : master
Git Commit Hash    : 30fb38ac5692468058abf6aa12869d2ae776c275
[2022-02-09 11:33:28] The FISCO-BCOS is running...
[2022-02-09 11:34:56] FISCO-BCOS program exit normally.
config file path : config.ini
[2022-02-09 11:35:12] Initializing...
FISCO-BCOS Version : 2.8.0
Build Time         : 20220205 15:11:36
Build Type         : Linux/g++/RelWithDebInfo
Git Branch         : master
Git Commit Hash    : 30fb38ac5692468058abf6aa12869d2ae776c275
[2022-02-09 11:35:12] The FISCO-BCOS is running...
[VSetFilePath]/root/chainx/file/
[VLoadSK]base_block.pck
[VLoadDictionary]base_block.dict
[2022-02-09 11:36:44] FISCO-BCOS program exit normally.
config file path : config.ini
[2022-02-09 11:36:48] Initializing...
FISCO-BCOS Version : 2.8.0
Build Time         : 20220205 15:11:36
Build Type         : Linux/g++/RelWithDebInfo
Git Branch         : master
Git Commit Hash    : 30fb38ac5692468058abf6aa12869d2ae776c275
[2022-02-09 11:36:48] The FISCO-BCOS is running...
[VSetFilePath]/root/chainx/file/
[VLoadSK]base_block.stk
[VLoadSK]base_block.pck
[VLoadDictionary]base_block.dict
[2022-02-09 11:41:39] FISCO-BCOS program exit normally.
config file path : config.ini
[2022-02-09 11:41:43] Initializing...
FISCO-BCOS Version : 2.8.0
Build Time         : 20220205 15:11:36
Build Type         : Linux/g++/RelWithDebInfo
Git Branch         : master
Git Commit Hash    : 30fb38ac5692468058abf6aa12869d2ae776c275
[2022-02-09 11:41:43] The FISCO-BCOS is running...
[VSetFilePath]/root/chainx/file/
[VLoadSK]base_block.stk
[VLoadSK]base_block.pck
[VLoadDictionary]base_block.dict
[VSetFilePath]/root/chainx/file/
[VLoadSK]base_block.stk
[VLoadSK]base_block.pck
[VLoadDictionary]base_block.dict
[2022-02-09 14:29:07] FISCO-BCOS program exit normally.
/root/fisco/nodes/127.0.0.1/node1/../fisco-bcos: /lib64/libstdc++.so.6: version `GLIBCXX_3.4.21' not found (required by /root/fisco/nodes/127.0.0.1/libwrapper.so)
/root/fisco/nodes/127.0.0.1/node1/../fisco-bcos: /lib64/libstdc++.so.6: version `GLIBCXX_3.4.21' not found (required by /root/fisco/nodes/127.0.0.1/libwrapper.so)
config file path : config.ini
[2022-02-26 13:42:49] Initializing...
FISCO-BCOS Version : 2.8.0
Build Time         : 20220205 15:11:36
Build Type         : Linux/g++/RelWithDebInfo
Git Branch         : master
Git Commit Hash    : 30fb38ac5692468058abf6aa12869d2ae776c275
[2022-02-26 13:42:49] The FISCO-BCOS is running...
[2022-02-26 13:47:53] FISCO-BCOS program exit normally.
config file path : config.ini
[2022-02-26 13:47:59] Initializing...
FISCO-BCOS Version : 2.8.0
Build Time         : 20220205 15:11:36
Build Type         : Linux/g++/RelWithDebInfo
Git Branch         : master
Git Commit Hash    : 30fb38ac5692468058abf6aa12869d2ae776c275
[2022-02-26 13:47:59] The FISCO-BCOS is running...
/root/fisco/nodes/127.0.0.1/node1/../fisco-bcos: symbol lookup error: /root/fisco/nodes/127.0.0.1/node1/../fisco-bcos: undefined symbol: _Z12VSetFilePathSs
config file path : config.ini
[2022-02-26 13:52:07] Initializing...
FISCO-BCOS Version : 2.8.0
Build Time         : 20220205 15:11:36
Build Type         : Linux/g++/RelWithDebInfo
Git Branch         : master
Git Commit Hash    : 30fb38ac5692468058abf6aa12869d2ae776c275
[2022-02-26 13:52:07] The FISCO-BCOS is running...
/root/fisco/nodes/127.0.0.1/node1/../fisco-bcos: symbol lookup error: /root/fisco/nodes/127.0.0.1/node1/../fisco-bcos: undefined symbol: _Z12VSetFilePathSs
config file path : config.ini
[2022-02-26 17:00:01] Initializing...
FISCO-BCOS Version : 2.8.0
Build Time         : 20220205 15:11:36
Build Type         : Linux/g++/RelWithDebInfo
Git Branch         : master
Git Commit Hash    : 30fb38ac5692468058abf6aa12869d2ae776c275
[2022-02-26 17:00:01] The FISCO-BCOS is running...
[VSetFilePath]/root/chainx/file/
[VLoadSK]base_block.stk
[VLoadSK]base_block.pck
[VLoadDictionary]base_block.dict
[VSetFilePath]/root/chainx/file/
[VLoadSK]base_block.stk
[VLoadSK]base_block.pck
[VLoadDictionary]base_block.dict
[VSetFilePath]/root/chainx/file/
[VLoadSK]base_block.stk
[VLoadSK]base_block.pck
[VLoadDictionary]base_block.dict
[VSetFilePath]/root/chainx/file/
[VLoadSK]base_block.stk
[VLoadSK]base_block.pck
[VLoadDictionary]base_block.dict
[VSetFilePath]/root/chainx/file/
[VLoadSK]base_block.stk
[VLoadSK]base_block.pck
[VLoadDictionary]base_block.dict
[VSetFilePath]/root/chainx/file/
[VLoadSK]base_block.stk
[VLoadSK]base_block.pck
[VLoadDictionary]base_block.dict
[2022-02-26 18:12:24] FISCO-BCOS program exit normally.
config file path : config.ini
[2022-02-26 18:19:38] Initializing...
FISCO-BCOS Version : 2.8.0
Build Time         : 20220205 15:11:36
Build Type         : Linux/g++/RelWithDebInfo
Git Branch         : master
Git Commit Hash    : 30fb38ac5692468058abf6aa12869d2ae776c275
[2022-02-26 18:19:38] The FISCO-BCOS is running...
asn1: structure error: tags don't match (16 vs {class:0 tag:2 length:4 isCompound:false}) {optional:false explicit:false application:false private:false defaultValue:<nil> tag:<nil> stringType:0 timeType:0 set:false omitEmpty:false}  @2
[VSetFilePath]/root/chainx/file/
[VLoadSK]base_block.stk
[VLoadSK]base_block.pck
[VLoadDictionary]base_block.dict
[VSetFilePath]/root/chainx/file/
[VLoadSK]base_block.stk
[VLoadSK]base_block.pck
[VLoadDictionary]base_block.dict
[VSetFilePath]/root/chainx/file/
[VLoadSK]base_block.stk
[VLoadSK]base_block.pck
[VLoadDictionary]base_block.dict
[2022-02-26 18:55:07] FISCO-BCOS program exit normally.
config file path : config.ini
[2022-03-01 21:59:18] Initializing...
FISCO-BCOS Version : 2.8.0
Build Time         : 20220205 15:11:36
Build Type         : Linux/g++/RelWithDebInfo
Git Branch         : master
Git Commit Hash    : 30fb38ac5692468058abf6aa12869d2ae776c275
[2022-03-01 21:59:18] The FISCO-BCOS is running...
[VSetFilePath]/root/chainx/file/
[VLoadSK]base_block.stk
[VLoadSK]base_block.pck
[VLoadDictionary]base_block.dict
[VSetFilePath]/root/chainx/file/
[VLoadSK]base_block.stk
[VLoadSK]base_block.pck
[VLoadDictionary]base_block.dict
[VSetFilePath]/root/chainx/file/
[VLoadSK]base_block.stk
[VLoadSK]base_block.pck
[VLoadDictionary]base_block.dict
[2022-03-01 22:45:55] FISCO-BCOS program exit normally.
config file path : config.ini
[2022-03-02 09:35:23] Initializing...
FISCO-BCOS Version : 2.8.0
Build Time         : 20220205 15:11:36
Build Type         : Linux/g++/RelWithDebInfo
Git Branch         : master
Git Commit Hash    : 30fb38ac5692468058abf6aa12869d2ae776c275
[2022-03-02 09:35:24] The FISCO-BCOS is running...
[2022-03-02 09:46:04] FISCO-BCOS program exit normally.
config file path : config.ini
[2022-03-02 09:46:10] Initializing...
FISCO-BCOS Version : 2.8.0
Build Time         : 20220205 15:11:36
Build Type         : Linux/g++/RelWithDebInfo
Git Branch         : master
Git Commit Hash    : 30fb38ac5692468058abf6aa12869d2ae776c275
[2022-03-02 09:46:11] The FISCO-BCOS is running...
[VSetFilePath]/root/chainx/file/
[VLoadSK]base_block.stk
[VLoadSK]base_block.pck
[VLoadDictionary]base_block.dict
[VSetFilePath]/root/chainx/file/
[VLoadSK]base_block.stk
[VLoadSK]base_block.pck
[VLoadDictionary]base_block.dict
[2022-03-02 12:30:02] FISCO-BCOS program exit normally.
config file path : config.ini
[2022-03-02 12:30:08] Initializing...
FISCO-BCOS Version : 2.8.0
Build Time         : 20220205 15:11:36
Build Type         : Linux/g++/RelWithDebInfo
Git Branch         : master
Git Commit Hash    : 30fb38ac5692468058abf6aa12869d2ae776c275
[2022-03-02 12:30:08] The FISCO-BCOS is running...
[2022-03-02 12:33:09] FISCO-BCOS program exit normally.
config file path : config.ini
[2022-03-02 12:33:14] Initializing...
FISCO-BCOS Version : 2.8.0
Build Time         : 20220205 15:11:36
Build Type         : Linux/g++/RelWithDebInfo
Git Branch         : master
Git Commit Hash    : 30fb38ac5692468058abf6aa12869d2ae776c275
[2022-03-02 12:33:14] The FISCO-BCOS is running...
[2022-03-02 14:23:31] FISCO-BCOS program exit normally.
config file path : config.ini
[2022-03-02 14:23:41] Initializing...
FISCO-BCOS Version : 2.8.0
Build Time         : 20220205 15:11:36
Build Type         : Linux/g++/RelWithDebInfo
Git Branch         : master
Git Commit Hash    : 30fb38ac5692468058abf6aa12869d2ae776c275
[2022-03-02 14:23:41] The FISCO-BCOS is running...
[VSetFilePath]/root/chainx/file/
[VLoadSK]base_block.stk
[VLoadSK]base_block.pck
[VLoadDictionary]base_block.dict
[VSetFilePath]/root/chainx/file/
[VLoadSK]base_block.stk
[VLoadSK]base_block.pck
[VLoadDictionary]base_block.dict
[VSetFilePath]/root/chainx/file/
[VLoadSK]base_block.stk
[VLoadSK]base_block.pck
[VLoadDictionary]base_block.dict
[VSetFilePath]/root/chainx/file/
[VLoadSK]base_block.stk
[VLoadSK]base_block.pck
[VLoadDictionary]base_block.dict
[VSetFilePath]/root/chainx/file/
[VLoadSK]base_block.stk
[VLoadSK]base_block.pck
[VLoadDictionary]base_block.dict
[VSetFilePath]/root/chainx/file/
[VLoadSK]base_block.stk
[VLoadSK]base_block.pck
[VLoadDictionary]base_block.dict
[VSetFilePath]/root/chainx/file/
[VLoadSK]base_block.stk
[VLoadSK]base_block.pck
[VLoadDictionary]base_block.dict
[VSetFilePath]/root/chainx/file/
[VLoadSK]base_block.stk
[VLoadSK]base_block.pck
[VLoadDictionary]base_block.dict
[VSetFilePath]/root/chainx/file/
[VLoadSK]base_block.stk
[VLoadSK]base_block.pck
[VLoadDictionary]base_block.dict
[VSetFilePath]/root/chainx/file/
[VLoadSK]base_block.stk
[VLoadSK]base_block.pck
[VLoadDictionary]base_block.dict
[VSetFilePath]/root/chainx/file/
[VLoadSK]base_block.stk
[VLoadSK]base_block.pck
[VLoadDictionary]base_block.dict
[VSetFilePath]/root/chainx/file/
[VLoadSK]base_block.stk
[VLoadSK]base_block.pck
[VLoadDictionary]base_block.dict
[VSetFilePath]/root/chainx/file/
[VLoadSK]base_block.stk
[VLoadSK]base_block.pck
[VLoadDictionary]base_block.dict
[VSetFilePath]/root/chainx/file/
[VLoadSK]base_block.stk
[VLoadSK]base_block.pck
[VLoadDictionary]base_block.dict
[VSetFilePath]/root/chainx/file/
[VLoadSK]base_block.stk
[VLoadSK]base_block.pck
[VLoadDictionary]base_block.dict
[VSetFilePath]/root/chainx/file/
[VLoadSK]base_block.stk
[VLoadSK]base_block.pck
[VLoadDictionary]base_block.dict
[VSetFilePath]/root/chainx/file/
[VLoadSK]base_block.stk
[VLoadSK]base_block.pck
[VLoadDictionary]base_block.dict
[VSetFilePath]/root/chainx/file/
[VLoadSK]base_block.stk
[VLoadSK]base_block.pck
[VLoadDictionary]base_block.dict
[VSetFilePath]/root/chainx/file/
[VLoadSK]base_block.stk
[VLoadSK]base_block.pck
[VLoadDictionary]base_block.dict
[VSetFilePath]/root/chainx/file/
[VLoadSK]base_block.stk
[VLoadSK]base_block.pck
[VLoadDictionary]base_block.dict
[VSetFilePath]/root/chainx/file/
[VLoadSK]base_block.stk
[VLoadSK]base_block.pck
[VLoadDictionary]base_block.dict
[VSetFilePath]/root/chainx/file/
[VLoadSK]base_block.stk
[VLoadSK]base_block.pck
[VLoadDictionary]base_block.dict
[VSetFilePath]/root/chainx/file/
[VLoadSK]base_block.stk
[VLoadSK]base_block.pck
[VLoadDictionary]base_block.dict
[VSetFilePath]/root/chainx/file/
[VLoadSK]base_block.stk
[VLoadSK]base_block.pck
[VLoadDictionary]base_block.dict
[2022-03-02 16:15:07] FISCO-BCOS program exit normally.
config file path : config.ini
[2022-03-02 16:15:14] Initializing...
FISCO-BCOS Version : 2.8.0
Build Time         : 20220205 15:11:36
Build Type         : Linux/g++/RelWithDebInfo
Git Branch         : master
Git Commit Hash    : 30fb38ac5692468058abf6aa12869d2ae776c275
[2022-03-02 16:15:14] The FISCO-BCOS is running...
[VSetFilePath]/root/chainx/file/
[VLoadSK]base_block.stk
[VLoadSK]base_block.pck
[VLoadDictionary]base_block.dict
[VSetFilePath]/root/chainx/file/
[VLoadSK]base_block.stk
[VLoadSK]base_block.pck
[VLoadDictionary]base_block.dict
[VSetFilePath]/root/chainx/file/
[VLoadSK]base_block.stk
[VLoadSK]base_block.pck
[VLoadDictionary]base_block.dict
[VSetFilePath]/root/chainx/file/
[VLoadSK]base_block.stk
[VLoadSK]base_block.pck
[VLoadDictionary]base_block.dict
[VSetFilePath]/root/chainx/file/
[VLoadSK]base_block.stk
[VLoadSK]base_block.pck
[VLoadDictionary]base_block.dict
[VSetFilePath]/root/chainx/file/
[VLoadSK]base_block.stk
[VLoadSK]base_block.pck
[VLoadDictionary]base_block.dict
[2022-03-02 18:33:01] FISCO-BCOS program exit normally.
config file path : config.ini
[2022-03-02 20:18:08] Initializing...
FISCO-BCOS Version : 2.8.0
Build Time         : 20220205 15:11:36
Build Type         : Linux/g++/RelWithDebInfo
Git Branch         : master
Git Commit Hash    : 30fb38ac5692468058abf6aa12869d2ae776c275
[2022-03-02 20:18:09] The FISCO-BCOS is running...
[2022-03-02 20:29:52] FISCO-BCOS program exit normally.
config file path : config.ini
[2022-03-02 23:27:28] Initializing...
FISCO-BCOS Version : 2.8.0
Build Time         : 20220205 15:11:36
Build Type         : Linux/g++/RelWithDebInfo
Git Branch         : master
Git Commit Hash    : 30fb38ac5692468058abf6aa12869d2ae776c275
[2022-03-02 23:27:28] The FISCO-BCOS is running...
[VSetFilePath]/root/chainx/file/
[VLoadSK]base_block.stk
[VLoadSK]base_block.pck
[VLoadDictionary]base_block.dict
[VSetFilePath]/root/chainx/file/
[VLoadSK]base_block.stk
[VLoadSK]base_block.pck
[VLoadDictionary]base_block.dict
[2022-03-02 23:39:03] FISCO-BCOS program exit normally.
config file path : config.ini
[2022-03-02 23:39:08] Initializing...
FISCO-BCOS Version : 2.8.0
Build Time         : 20220205 15:11:36
Build Type         : Linux/g++/RelWithDebInfo
Git Branch         : master
Git Commit Hash    : 30fb38ac5692468058abf6aa12869d2ae776c275
[2022-03-02 23:39:08] The FISCO-BCOS is running...
[2022-03-02 23:42:02] FISCO-BCOS program exit normally.
config file path : config.ini
[2022-03-02 23:44:58] Initializing...
FISCO-BCOS Version : 2.8.0
Build Time         : 20220205 15:11:36
Build Type         : Linux/g++/RelWithDebInfo
Git Branch         : master
Git Commit Hash    : 30fb38ac5692468058abf6aa12869d2ae776c275
[2022-03-02 23:44:58] The FISCO-BCOS is running...
[2022-03-02 23:48:06] FISCO-BCOS program exit normally.
config file path : config.ini
[2022-03-02 23:48:13] Initializing...
FISCO-BCOS Version : 2.8.0
Build Time         : 20220205 15:11:36
Build Type         : Linux/g++/RelWithDebInfo
Git Branch         : master
Git Commit Hash    : 30fb38ac5692468058abf6aa12869d2ae776c275
[2022-03-02 23:48:13] The FISCO-BCOS is running...
[2022-03-02 23:49:31] FISCO-BCOS program exit normally.
config file path : config.ini
[2022-03-02 23:49:38] Initializing...
FISCO-BCOS Version : 2.8.0
Build Time         : 20220205 15:11:36
Build Type         : Linux/g++/RelWithDebInfo
Git Branch         : master
Git Commit Hash    : 30fb38ac5692468058abf6aa12869d2ae776c275
[2022-03-02 23:49:38] The FISCO-BCOS is running...
[VSetFilePath]/root/chainx/file/
[VLoadSK]base_block.stk
[VLoadSK]base_block.pck
[VLoadDictionary]base_block.dict
[2022-03-02 23:51:31] FISCO-BCOS program exit normally.
config file path : config.ini
[2022-03-02 23:51:54] Initializing...
FISCO-BCOS Version : 2.8.0
Build Time         : 20220205 15:11:36
Build Type         : Linux/g++/RelWithDebInfo
Git Branch         : master
Git Commit Hash    : 30fb38ac5692468058abf6aa12869d2ae776c275
[2022-03-02 23:51:54] The FISCO-BCOS is running...
[2022-03-02 23:54:00] FISCO-BCOS program exit normally.
config file path : config.ini
[2022-03-02 23:54:05] Initializing...
FISCO-BCOS Version : 2.8.0
Build Time         : 20220205 15:11:36
Build Type         : Linux/g++/RelWithDebInfo
Git Branch         : master
Git Commit Hash    : 30fb38ac5692468058abf6aa12869d2ae776c275
[2022-03-02 23:54:05] The FISCO-BCOS is running...
[2022-03-02 23:54:56] FISCO-BCOS program exit normally.
config file path : config.ini
[2022-03-02 23:54:59] Initializing...
FISCO-BCOS Version : 2.8.0
Build Time         : 20220205 15:11:36
Build Type         : Linux/g++/RelWithDebInfo
Git Branch         : master
Git Commit Hash    : 30fb38ac5692468058abf6aa12869d2ae776c275
[2022-03-02 23:54:59] The FISCO-BCOS is running...
[VSetFilePath]/root/chainx/file/
[VLoadSK]base_block.stk
[VLoadSK]base_block.pck
[VLoadDictionary]base_block.dict
[VSetFilePath]/root/chainx/file/
[VLoadSK]base_block.stk
[VLoadSK]base_block.pck
[VLoadDictionary]base_block.dict
[VSetFilePath]/root/chainx/file/
[VLoadSK]base_block.stk
[VLoadSK]base_block.pck
[VLoadDictionary]base_block.dict
[VSetFilePath]/root/chainx/file/
[VLoadSK]base_block.stk
[VLoadSK]base_block.pck
[VLoadDictionary]base_block.dict
[VSetFilePath]/root/chainx/file/
[VLoadSK]base_block.stk
[VLoadSK]base_block.pck
[VLoadDictionary]base_block.dict
[VSetFilePath]/root/chainx/file/
[VLoadSK]base_block.stk
[VLoadSK]base_block.pck
[VLoadDictionary]base_block.dict
[VSetFilePath]/root/chainx/file/
[VLoadSK]base_block.stk
[VLoadSK]base_block.pck
[VLoadDictionary]base_block.dict
[VSetFilePath]/root/chainx/file/
[VLoadSK]base_block.stk
[VLoadSK]base_block.pck
[VLoadDictionary]base_block.dict
[VSetFilePath]/root/chainx/file/
[VLoadSK]base_block.stk
[VLoadSK]base_block.pck
[VLoadDictionary]base_block.dict
[VSetFilePath]/root/chainx/file/
[VLoadSK]base_block.stk
[VLoadSK]base_block.pck
[VLoadDictionary]base_block.dict
[VSetFilePath]/root/chainx/file/
[VLoadSK]base_block.stk
[VLoadSK]base_block.pck
[VLoadDictionary]base_block.dict
[VSetFilePath]/root/chainx/file/
[VLoadSK]base_block.stk
[VLoadSK]base_block.pck
[VLoadDictionary]base_block.dict
[VSetFilePath]/root/chainx/file/
[VLoadSK]base_block.stk
[VLoadSK]base_block.pck
[VLoadDictionary]base_block.dict
[2022-03-03 09:12:46] FISCO-BCOS program exit normally.
config file path : config.ini
[2022-03-03 14:13:12] Initializing...
FISCO-BCOS Version : 2.8.0
Build Time         : 20220205 15:11:36
Build Type         : Linux/g++/RelWithDebInfo
Git Branch         : master
Git Commit Hash    : 30fb38ac5692468058abf6aa12869d2ae776c275
[2022-03-03 14:13:12] The FISCO-BCOS is running...
[VSetFilePath]/root/chainx/file/
[VLoadSK]base_block.stk
[VLoadSK]base_block.pck
[VLoadDictionary]base_block.dict
[VSetFilePath]/root/chainx/file/
[VLoadSK]base_block.stk
[VLoadSK]base_block.pck
[VLoadDictionary]base_block.dict
[2022-03-03 14:37:34] FISCO-BCOS program exit normally.
config file path : config.ini
[2022-03-03 14:37:39] Initializing...
FISCO-BCOS Version : 2.8.0
Build Time         : 20220205 15:11:36
Build Type         : Linux/g++/RelWithDebInfo
Git Branch         : master
Git Commit Hash    : 30fb38ac5692468058abf6aa12869d2ae776c275
[2022-03-03 14:37:39] The FISCO-BCOS is running...
[VSetFilePath]/root/chainx/file/
[VLoadSK]base_block.stk
[VLoadSK]base_block.pck
[VLoadDictionary]base_block.dict
[VSetFilePath]/root/chainx/file/
[VLoadSK]base_block.stk
[VLoadSK]base_block.pck
[VLoadDictionary]base_block.dict
[VSetFilePath]/root/chainx/file/
[VLoadSK]base_block.stk
[VLoadSK]base_block.pck
[VLoadDictionary]base_block.dict
[VSetFilePath]/root/chainx/file/
[VLoadSK]base_block.stk
[VLoadSK]base_block.pck
[VLoadDictionary]base_block.dict
[VSetFilePath]/root/chainx/file/
[VLoadSK]base_block.stk
[VLoadSK]base_block.pck
[VLoadDictionary]base_block.dict
[VSetFilePath]/root/chainx/file/
[VLoadSK]base_block.stk
[VLoadSK]base_block.pck
[VLoadDictionary]base_block.dict
[2022-03-03 18:12:48] FISCO-BCOS program exit normally.
config file path : config.ini
[2022-03-03 21:08:50] Initializing...
FISCO-BCOS Version : 2.8.0
Build Time         : 20220205 15:11:36
Build Type         : Linux/g++/RelWithDebInfo
Git Branch         : master
Git Commit Hash    : 30fb38ac5692468058abf6aa12869d2ae776c275
[2022-03-03 21:08:50] The FISCO-BCOS is running...
[VSetFilePath]/root/chainx/file/
[VLoadSK]base_block.stk
[VLoadSK]base_block.pck
[VLoadDictionary]base_block.dict
[2022-03-03 21:11:45] FISCO-BCOS program exit normally.
config file path : config.ini
[2022-03-03 21:12:02] Initializing...
FISCO-BCOS Version : 2.8.0
Build Time         : 20220205 15:11:36
Build Type         : Linux/g++/RelWithDebInfo
Git Branch         : master
Git Commit Hash    : 30fb38ac5692468058abf6aa12869d2ae776c275
[2022-03-03 21:12:02] The FISCO-BCOS is running...
[2022-03-03 21:13:50] FISCO-BCOS program exit normally.
config file path : config.ini
[2022-03-03 21:13:56] Initializing...
FISCO-BCOS Version : 2.8.0
Build Time         : 20220205 15:11:36
Build Type         : Linux/g++/RelWithDebInfo
Git Branch         : master
Git Commit Hash    : 30fb38ac5692468058abf6aa12869d2ae776c275
[2022-03-03 21:13:56] The FISCO-BCOS is running...
[2022-03-03 21:16:30] FISCO-BCOS program exit normally.
config file path : config.ini
[2022-03-03 21:16:33] Initializing...
FISCO-BCOS Version : 2.8.0
Build Time         : 20220205 15:11:36
Build Type         : Linux/g++/RelWithDebInfo
Git Branch         : master
Git Commit Hash    : 30fb38ac5692468058abf6aa12869d2ae776c275
[2022-03-03 21:16:33] The FISCO-BCOS is running...
config file path : config.ini
[2022-03-05 18:16:39] Initializing...
FISCO-BCOS Version : 2.8.0
Build Time         : 20220205 15:11:36
Build Type         : Linux/g++/RelWithDebInfo
Git Branch         : master
Git Commit Hash    : 30fb38ac5692468058abf6aa12869d2ae776c275
[2022-03-05 18:16:39] The FISCO-BCOS is running...
[2022-03-05 18:29:19] FISCO-BCOS program exit normally.
config file path : config.ini
[2022-03-07 21:04:58] Initializing...
FISCO-BCOS Version : 2.8.0
Build Time         : 20220205 15:11:36
Build Type         : Linux/g++/RelWithDebInfo
Git Branch         : master
Git Commit Hash    : 30fb38ac5692468058abf6aa12869d2ae776c275
[2022-03-07 21:04:59] The FISCO-BCOS is running...
[2022-03-07 21:07:43] FISCO-BCOS program exit normally.
config file path : config.ini
[2022-03-07 21:08:07] Initializing...
FISCO-BCOS Version : 2.8.0
Build Time         : 20220205 15:11:36
Build Type         : Linux/g++/RelWithDebInfo
Git Branch         : master
Git Commit Hash    : 30fb38ac5692468058abf6aa12869d2ae776c275
[2022-03-07 21:08:07] The FISCO-BCOS is running...
[2022-03-07 21:13:48] FISCO-BCOS program exit normally.
config file path : config.ini
[2022-03-07 21:13:53] Initializing...
FISCO-BCOS Version : 2.8.0
Build Time         : 20220205 15:11:36
Build Type         : Linux/g++/RelWithDebInfo
Git Branch         : master
Git Commit Hash    : 30fb38ac5692468058abf6aa12869d2ae776c275
[2022-03-07 21:13:53] The FISCO-BCOS is running...
[2022-03-07 21:40:07] FISCO-BCOS program exit normally.
config file path : config.ini
[2022-03-07 21:52:56] Initializing...
FISCO-BCOS Version : 2.8.0
Build Time         : 20220205 15:11:36
Build Type         : Linux/g++/RelWithDebInfo
Git Branch         : master
Git Commit Hash    : 30fb38ac5692468058abf6aa12869d2ae776c275
[2022-03-07 21:52:56] The FISCO-BCOS is running...
open file/base_block.pck: no such file or directory
open file/base_block.dict: no such file or directory
open file/base_block.stk: no such file or directory
[2022-03-07 23:01:57] FISCO-BCOS program exit normally.
/root/fisco/nodes/127.0.0.1/node1/../fisco-bcos: /lib64/libstdc++.so.6: version `GLIBCXX_3.4.21' not found (required by /root/fisco/nodes/127.0.0.1/libwrapper.so)
/root/fisco/nodes/127.0.0.1/node1/../fisco-bcos: /lib64/libstdc++.so.6: version `GLIBCXX_3.4.21' not found (required by /root/fisco/nodes/127.0.0.1/libwrapper.so)
config file path : config.ini
[2022-11-08 15:27:18] Initializing...
FISCO-BCOS Version : 2.8.0
Build Time         : 20220205 15:11:36
Build Type         : Linux/g++/RelWithDebInfo
Git Branch         : master
Git Commit Hash    : 30fb38ac5692468058abf6aa12869d2ae776c275
[2022-11-08 15:27:18] The FISCO-BCOS is running...
